2021-08-19 22:20:05 info: Listening at http://localhost:3333/kilowott/api/v1
2021-08-19 22:21:26 info: Listening at http://localhost:3333/kilowott/api/v1
2021-08-19 22:22:27 info: Listening at http://localhost:3333/kilowott/api/v1
2021-08-19 22:23:42 info: Listening at http://localhost:3333/kilowott/api/v1
2021-08-19 22:24:38 info: [0mGET /kilowott/api/v1/get-users [32m200[0m 5096.152 ms - 342[0m
2021-08-19 22:25:20 info: Listening at http://localhost:3333/kilowott/api/v1
2021-08-19 22:25:59 info: Listening at http://localhost:3333/kilowott/api/v1
2021-08-19 22:26:34 info: Listening at http://localhost:3333/kilowott/api/v1
2021-08-19 22:27:58 info: Listening at http://localhost:3333/kilowott/api/v1
2021-08-19 22:28:26 info: Listening at http://localhost:3333/kilowott/api/v1
2021-08-19 22:28:33 info: Listening at http://localhost:3333/kilowott/api/v1
2021-08-19 22:28:56 info: Listening at http://localhost:3333/kilowott/api/v1
2021-08-19 22:29:15 info: Listening at http://localhost:3333/kilowott/api/v1
2021-08-19 22:30:01 info: Listening at http://localhost:3333/kilowott/api/v1
2021-08-19 22:30:06 info: Listening at http://localhost:3333/kilowott/api/v1
2021-08-19 22:33:09 info: Listening at http://localhost:3333/kilowott/api/v1
2021-08-19 22:36:12 info: Listening at http://localhost:3333/kilowott/api/v1
2021-08-19 22:36:28 info: Listening at http://localhost:3333/kilowott/api/v1
2021-08-19 22:36:44 info: Listening at http://localhost:3333/kilowott/api/v1
2021-08-19 22:37:27 info: [0mGET /kilowott/api/v1/get-users [32m200[0m 931.922 ms - 342[0m
2021-08-19 22:38:01 info: Listening at http://localhost:3333/kilowott/api/v1
2021-08-19 22:38:09 info: Listening at http://localhost:3333/kilowott/api/v1
2021-08-19 22:38:56 info: Listening at http://localhost:3333/kilowott/api/v1
2021-08-19 22:39:11 info: Listening at http://localhost:3333/kilowott/api/v1
2021-08-19 22:39:18 info: Listening at http://localhost:3333/kilowott/api/v1
2021-08-19 22:40:50 info: [0mPOST /kilowott/api/v1/onboard-admin [33m403[0m 710.827 ms - 59[0m
2021-08-19 22:40:51 info: [0mPOST /kilowott/api/v1/admin-login [33m404[0m 2.683 ms - 167[0m
2021-08-19 22:41:03 info: [0mPOST /kilowott/api/v1/add-user [33m409[0m 12178.889 ms - 74[0m
2021-08-19 22:41:03 info: [0mDELETE /kilowott/api/v1/delete-user/611d714c0d525a3d74981c9e [33m403[0m 0.745 ms - 59[0m
2021-08-19 22:41:05 info: [0mPUT /kilowott/api/v1/update-user-status/611e5b8fdac13b2f18748c1d [32m200[0m 1722.443 ms - 68[0m
2021-08-19 22:41:06 info: [0mGET /kilowott/api/v1/get-users [32m200[0m 1175.736 ms - 342[0m
2021-08-19 22:41:06 info: [0mPUT /kilowott/api/v1/update-user/611d6f98c2252b44501eb291 [33m403[0m 0.640 ms - 59[0m
2021-08-19 22:41:06 info: [0mPUT /kilowott/api/v1/change-password [33m403[0m 1.809 ms - 103[0m
2021-08-19 22:41:21 info: [0mPOST /kilowott/api/v1/onboard-admin [33m403[0m 1.011 ms - 59[0m
2021-08-19 22:41:21 info: [0mPOST /kilowott/api/v1/admin-login [33m404[0m 0.826 ms - 167[0m
2021-08-19 22:41:22 info: [0mPOST /kilowott/api/v1/add-user [33m409[0m 1363.687 ms - 74[0m
2021-08-19 22:41:22 info: [0mDELETE /kilowott/api/v1/delete-user/611d714c0d525a3d74981c9e [33m403[0m 0.305 ms - 59[0m
2021-08-19 22:41:25 info: [0mPUT /kilowott/api/v1/update-user-status/611e5b8fdac13b2f18748c1d [32m200[0m 2479.329 ms - 68[0m
2021-08-19 22:41:27 info: [0mGET /kilowott/api/v1/get-users [32m200[0m 2468.248 ms - 342[0m
2021-08-19 22:41:27 info: [0mPUT /kilowott/api/v1/update-user/611d6f98c2252b44501eb291 [33m403[0m 0.459 ms - 59[0m
2021-08-19 22:41:27 info: [0mPUT /kilowott/api/v1/change-password [33m403[0m 1.563 ms - 103[0m
